<?xml version="1.0" encoding="UTF-8"?>
<!-- Generated by org.testng.reporters.JUnitReportReporter -->
<testsuite hostname="DEL1-LHP-N00608" name="appCucumberRunner1.DCBalancingRunner" tests="2" failures="0" timestamp="22 Oct 2017 06:48:13 GMT" time="300.121" errors="0">
  <testcase name="feature" time="74.833" classname="appCucumberRunner1.DCBalancingRunner"/>
  <testcase name="feature" time="225.288" classname="appCucumberRunner1.DCBalancingRunner"/>
</testsuite> <!-- appCucumberRunner1.DCBalancingRunner -->
