<?xml version="1.0" encoding="UTF-8"?>
<!-- Generated by org.testng.reporters.JUnitReportReporter -->
<testsuite hostname="DEL1-LHP-N00608" name="testCuucmber.MainTestDC" tests="1" failures="0" timestamp="9 Oct 2017 10:50:38 GMT" time="17.487" errors="0">
  <testcase name="login1" time="17.487" classname="testCuucmber.MainTestDC"/>
</testsuite> <!-- testCuucmber.MainTestDC -->
