<?xml version="1.0" encoding="UTF-8"?>
<!-- Generated by org.testng.reporters.JUnitReportReporter -->
<testsuite hostname="DEL1-LHP-N00608" name="test.scenarios.LoginEncoreSuite" tests="1" failures="0" timestamp="3 Oct 2017 09:55:21 GMT" time="107.499" errors="0">
  <testcase name="login1" time="107.499" classname="test.scenarios.LoginEncoreSuite"/>
</testsuite> <!-- test.scenarios.LoginEncoreSuite -->
