<?xml version="1.0" encoding="UTF-8"?>
<!-- Generated by org.testng.reporters.JUnitReportReporter -->
<testsuite hostname="DEL1-LHP-N00608" name="appCucumberRunner.DCMaintenanceRunner" tests="1" failures="0" timestamp="17 Oct 2017 09:38:44 GMT" time="4.652" errors="0">
  <testcase name="feature" time="4.652" classname="appCucumberRunner.DCMaintenanceRunner"/>
</testsuite> <!-- appCucumberRunner.DCMaintenanceRunner -->
