<?xml version="1.0" encoding="UTF-8"?>
<!-- Generated by org.testng.reporters.JUnitReportReporter -->
<testsuite hostname="DEL1-LHP-N00608" name="app.test.runner.DCSuites" tests="1" failures="0" timestamp="16 Oct 2017 07:38:06 GMT" time="13.189" errors="0">
  <testcase name="Balancing_Suite" time="13.189" classname="app.test.runner.DCSuites"/>
</testsuite> <!-- app.test.runner.DCSuites -->
