<?xml version="1.0" encoding="UTF-8"?>
<!-- Generated by org.testng.reporters.JUnitReportReporter -->
<testsuite hostname="DEL1-LHP-N00608" name="appCucumberRunner.DCAllRunner" tests="2" failures="0" timestamp="22 Oct 2017 07:11:22 GMT" time="150.307" errors="0">
  <testcase name="feature" time="75.836" classname="appCucumberRunner.DCAllRunner"/>
  <testcase name="feature" time="74.471" classname="appCucumberRunner.DCAllRunner"/>
</testsuite> <!-- appCucumberRunner.DCAllRunner -->
