<?xml version="1.0" encoding="UTF-8"?>
<!-- Generated by org.testng.reporters.JUnitReportReporter -->
<testsuite hostname="DEL1-LHP-N00608" name="app.test.scenarios.LoginDCSuite" tests="1" failures="0" timestamp="16 Oct 2017 09:22:56 GMT" time="16.156" errors="0">
  <testcase name="login1" time="16.156" classname="app.test.scenarios.LoginDCSuite"/>
</testsuite> <!-- app.test.scenarios.LoginDCSuite -->
