<?xml version="1.0" encoding="UTF-8"?>
<!-- Generated by org.testng.reporters.JUnitReportReporter -->
<testsuite hostname="DEL1-LHP-N00608" name="DC_Runner.MaintenanceFeaRunner" tests="1" failures="0" timestamp="11 Oct 2017 07:22:01 GMT" time="0.044" errors="0">
  <testcase name="feature" time="0.044" classname="DC_Runner.MaintenanceFeaRunner"/>
</testsuite> <!-- DC_Runner.MaintenanceFeaRunner -->
