<?xml version="1.0" encoding="UTF-8"?>
<!-- Generated by org.testng.reporters.JUnitReportReporter -->
<testsuite hostname="DEL1-LHP-N00608" name="appCucumberRunner.DCBalancingRunner" tests="1" failures="0" timestamp="17 Oct 2017 09:38:27 GMT" time="9.593" errors="0">
  <testcase name="feature" time="9.593" classname="appCucumberRunner.DCBalancingRunner"/>
</testsuite> <!-- appCucumberRunner.DCBalancingRunner -->
