<?xml version="1.0" encoding="UTF-8"?>
<!-- Generated by org.testng.reporters.JUnitReportReporter -->
<testsuite hostname="DEL1-LHP-N00608" name="appCucumberRunner.DCWebRunner" tests="2" failures="0" timestamp="17 Oct 2017 03:50:38 GMT" time="12.998" errors="0">
  <testcase name="feature" time="4.181" classname="appCucumberRunner.DCWebRunner"/>
  <testcase name="feature" time="8.817" classname="appCucumberRunner.DCWebRunner"/>
</testsuite> <!-- appCucumberRunner.DCWebRunner -->
