<?xml version="1.0" encoding="UTF-8"?>
<!-- Generated by org.testng.reporters.JUnitReportReporter -->
<testsuite hostname="DEL1-LHP-N00608" name="testCuucmber.MainSuites" tests="2" failures="0" timestamp="9 Oct 2017 11:21:11 GMT" time="32.028" errors="0">
  <testcase name="login1" time="14.441" classname="testCuucmber.MainSuites"/>
  <testcase name="login2" time="17.587" classname="testCuucmber.MainSuites"/>
</testsuite> <!-- testCuucmber.MainSuites -->
