<?xml version="1.0" encoding="UTF-8"?>
<!-- Generated by org.testng.reporters.JUnitReportReporter -->
<testsuite hostname="DEL1-LHP-N00608" name="example.NewTest" tests="1" failures="0" timestamp="14 Aug 2017 11:43:46 GMT" time="7.525" errors="0">
  <testcase name="testEasy" time="7.525" classname="example.NewTest"/>
</testsuite> <!-- example.NewTest -->
