<?xml version="1.0" encoding="UTF-8"?>
<!-- Generated by org.testng.reporters.JUnitReportReporter -->
<testsuite skipped="0" hostname="DEL1-LHP-N00608" name="example.RunJunitClass" tests="1" failures="0" timestamp="14 Aug 2017 12:11:57 GMT" time="15.310" errors="0">
  <testcase name="feature" time="15.310" classname="example.RunJunitClass"/>
</testsuite> <!-- example.RunJunitClass -->
