<?xml version="1.0" encoding="UTF-8"?>
<!-- Generated by org.testng.reporters.JUnitReportReporter -->
<testsuite hostname="DEL1-LHP-N00608" name="example.RunTestNG" tests="1" failures="0" timestamp="14 Aug 2017 17:13:58 GMT" time="14.660" errors="0">
  <testcase name="feature" time="14.660" classname="example.RunTestNG"/>
</testsuite> <!-- example.RunTestNG -->
