<?xml version="1.0" encoding="UTF-8"?>
<!-- Generated by org.testng.reporters.JUnitReportReporter -->
<testsuite hostname="DEL1-LHP-N00608" name="DcTestSuites.DCMainTest" tests="1" failures="0" timestamp="10 Oct 2017 09:39:09 GMT" time="26.595" errors="0">
  <testcase name="Start_Execution" time="26.595" classname="DcTestSuites.DCMainTest"/>
</testsuite> <!-- DcTestSuites.DCMainTest -->
