<?xml version="1.0" encoding="UTF-8"?>
<!-- Generated by org.testng.reporters.JUnitReportReporter -->
<testsuite hostname="DEL1-LHP-N00608" name="testCuucmber.MainSuites" tests="2" failures="0" timestamp="17 Oct 2017 03:45:04 GMT" time="27.134" errors="0">
  <testcase name="login1" time="15.575" classname="testCuucmber.MainSuites"/>
  <testcase name="login2" time="11.559" classname="testCuucmber.MainSuites"/>
</testsuite> <!-- testCuucmber.MainSuites -->
