<?xml version="1.0" encoding="UTF-8"?>
<!-- Generated by org.testng.reporters.JUnitReportReporter -->
<testsuite hostname="DEL1-LHP-N00608" name="DcTestSuites.DCSuites" tests="1" failures="0" timestamp="13 Oct 2017 07:38:28 GMT" time="15.770" errors="0">
  <testcase name="Balancing_Suite" time="15.770" classname="DcTestSuites.DCSuites"/>
</testsuite> <!-- DcTestSuites.DCSuites -->
