<?xml version="1.0" encoding="UTF-8"?>
<!-- Generated by org.testng.reporters.JUnitReportReporter -->
<testsuite hostname="DEL1-LHP-N00608" name="test.scenarios.LoginDC" tests="1" failures="0" timestamp="3 Oct 2017 09:22:38 GMT" time="15.085" errors="0">
  <testcase name="login1" time="15.085" classname="test.scenarios.LoginDC"/>
</testsuite> <!-- test.scenarios.LoginDC -->
