<?xml version="1.0" encoding="UTF-8"?>
<!-- Generated by org.testng.reporters.JUnitReportReporter -->
<testsuite hostname="DEL1-LHP-N00608" name="testCuucmber.GoogleRunner2" tests="1" failures="0" timestamp="4 Oct 2017 11:25:58 GMT" time="8.541" errors="0">
  <testcase name="feature" time="8.541" classname="testCuucmber.GoogleRunner2"/>
</testsuite> <!-- testCuucmber.GoogleRunner2 -->
