<?xml version="1.0" encoding="UTF-8"?>
<!-- Generated by org.testng.reporters.JUnitReportReporter -->
<testsuite hostname="DEL1-LHP-N00608" name="cucumberTest.DCWebRunner" tests="1" failures="0" timestamp="16 Oct 2017 07:46:15 GMT" time="0.151" errors="0">
  <testcase name="feature" time="0.151" classname="cucumberTest.DCWebRunner"/>
</testsuite> <!-- cucumberTest.DCWebRunner -->
