<?xml version="1.0" encoding="UTF-8"?>
<!-- Generated by org.testng.reporters.JUnitReportReporter -->
<testsuite hostname="DEL1-LHP-N00608" name="appCucumberRunner.DCAllRunner" tests="2" failures="0" timestamp="18 Oct 2017 19:33:32 GMT" time="34.517" errors="0">
  <testcase name="feature" time="10.055" classname="appCucumberRunner.DCAllRunner"/>
  <testcase name="feature" time="24.462" classname="appCucumberRunner.DCAllRunner"/>
</testsuite> <!-- appCucumberRunner.DCAllRunner -->
