<?xml version="1.0" encoding="UTF-8"?>
<!-- Generated by org.testng.reporters.JUnitReportReporter -->
<testsuite hostname="DEL1-LHP-N00608" name="com.dc.balancing.runner.balancingRunner" tests="1" failures="0" timestamp="9 Oct 2017 07:43:37 GMT" time="5.665" errors="0">
  <testcase name="feature" time="5.665" classname="com.dc.balancing.runner.balancingRunner"/>
</testsuite> <!-- com.dc.balancing.runner.balancingRunner -->
