<?xml version="1.0" encoding="UTF-8"?>
<!-- Generated by org.testng.reporters.JUnitReportReporter -->
<testsuite hostname="DEL1-LHP-N00608" name="appTestRunner.DCSuites" tests="1" failures="0" timestamp="18 Oct 2017 19:33:39 GMT" time="57.047" errors="0">
  <testcase name="MajorSuite" time="57.047" classname="appTestRunner.DCSuites"/>
</testsuite> <!-- appTestRunner.DCSuites -->
