<?xml version="1.0" encoding="UTF-8"?>
<!-- Generated by org.testng.reporters.JUnitReportReporter -->
<testsuite hostname="DEL1-LHP-N00608" name="DC_Runner.EvalutionFeaRunner" tests="1" failures="0" timestamp="12 Oct 2017 11:13:40 GMT" time="0.039" errors="0">
  <testcase name="feature" time="0.039" classname="DC_Runner.EvalutionFeaRunner"/>
</testsuite> <!-- DC_Runner.EvalutionFeaRunner -->
