<?xml version="1.0" encoding="UTF-8"?>
<!-- Generated by org.testng.reporters.JUnitReportReporter -->
<testsuite hostname="DEL1-LHP-N00608" name="appCucumberRunner.DCAllRunner" tests="2" failures="0" timestamp="3 Nov 2017 05:37:32 GMT" time="269.056" errors="0">
  <testcase name="feature" time="137.217" classname="appCucumberRunner.DCAllRunner"/>
  <testcase name="feature" time="131.839" classname="appCucumberRunner.DCAllRunner"/>
</testsuite> <!-- appCucumberRunner.DCAllRunner -->
