<?xml version="1.0" encoding="UTF-8"?>
<!-- Generated by org.testng.reporters.JUnitReportReporter -->
<testsuite hostname="DEL1-LHP-N00608" name="appCucumberRunner1.DCMaintenanceRunner" tests="1" failures="0" timestamp="22 Oct 2017 06:07:31 GMT" time="43.025" errors="0">
  <testcase name="feature" time="43.025" classname="appCucumberRunner1.DCMaintenanceRunner"/>
</testsuite> <!-- appCucumberRunner1.DCMaintenanceRunner -->
