<?xml version="1.0" encoding="UTF-8"?>
<!-- Generated by org.testng.reporters.JUnitReportReporter -->
<testsuite hostname="DEL1-LHP-N00608" name="DcTestSuites.DCSuites" tests="1" failures="0" timestamp="16 Oct 2017 04:56:19 GMT" time="17.898" errors="0">
  <testcase name="Balancing_Suite" time="17.898" classname="DcTestSuites.DCSuites"/>
</testsuite> <!-- DcTestSuites.DCSuites -->
